Release 14.4 - xst P.49d (nt64)
Copyright (c) 1995-2012 Xilinx, Inc.  All rights reserved.
--> Parameter TMPDIR set to xst/projnav.tmp


Total REAL time to Xst completion: 0.00 secs
Total CPU time to Xst completion: 0.38 secs
 
--> Parameter xsthdpdir set to xst


Total REAL time to Xst completion: 0.00 secs
Total CPU time to Xst completion: 0.39 secs
 
--> Reading design: ADDER.prj

TABLE OF CONTENTS
  1) Synthesis Options Summary
  2) HDL Compilation
  3) Design Hierarchy Analysis
  4) HDL Analysis
  5) HDL Synthesis
     5.1) HDL Synthesis Report
  6) Advanced HDL Synthesis
     6.1) Advanced HDL Synthesis Report
  7) Low Level Synthesis
  8) Partition Report
  9) Final Report
	9.1) Device utilization summary
	9.2) Partition Resource Summary
	9.3) TIMING REPORT


=========================================================================
*                      Synthesis Options Summary                        *
=========================================================================
---- Source Parameters
Input File Name                    : "ADDER.prj"
Input Format                       : mixed
Ignore Synthesis Constraint File   : NO

---- Target Parameters
Output File Name                   : "ADDER"
Output Format                      : NGC
Target Device                      : xc4vlx15-12-sf363

---- Source Options
Top Module Name                    : ADDER
Automatic FSM Extraction           : YES
FSM Encoding Algorithm             : Auto
Safe Implementation                : No
FSM Style                          : LUT
RAM Extraction                     : Yes
RAM Style                          : Auto
ROM Extraction                     : Yes
Mux Style                          : Auto
Decoder Extraction                 : YES
Priority Encoder Extraction        : Yes
Shift Register Extraction          : YES
Logical Shifter Extraction         : YES
XOR Collapsing                     : YES
ROM Style                          : Auto
Mux Extraction                     : Yes
Resource Sharing                   : YES
Asynchronous To Synchronous        : NO
Use DSP Block                      : Auto
Automatic Register Balancing       : No

---- Target Options
Add IO Buffers                     : YES
Global Maximum Fanout              : 500
Add Generic Clock Buffer(BUFG)     : 32
Number of Regional Clock Buffers   : 16
Register Duplication               : YES
Slice Packing                      : YES
Optimize Instantiated Primitives   : NO
Use Clock Enable                   : Auto
Use Synchronous Set                : Auto
Use Synchronous Reset              : Auto
Pack IO Registers into IOBs        : Auto
Equivalent register Removal        : YES

---- General Options
Optimization Goal                  : Speed
Optimization Effort                : 1
Power Reduction                    : NO
Keep Hierarchy                     : No
Netlist Hierarchy                  : As_Optimized
RTL Output                         : Yes
Global Optimization                : AllClockNets
Read Cores                         : YES
Write Timing Constraints           : NO
Cross Clock Analysis               : NO
Hierarchy Separator                : /
Bus Delimiter                      : <>
Case Specifier                     : Maintain
Slice Utilization Ratio            : 100
BRAM Utilization Ratio             : 100
DSP48 Utilization Ratio            : 100
Verilog 2001                       : YES
Auto BRAM Packing                  : NO
Slice Utilization Ratio Delta      : 5

=========================================================================


=========================================================================
*                          HDL Compilation                              *
=========================================================================
Compiling vhdl file "C:/Users/Robin Andersson/OneDrive/Skola/D0011E/Lab3b/ALU/FULL_ADDER.vhd" in Library work.
Architecture behavioral of Entity full_adder is up to date.
Compiling vhdl file "C:/Users/Robin Andersson/OneDrive/Skola/D0011E/Lab3b/ALU/ADDER.vhd" in Library work.
Entity <adder> compiled.
Entity <adder> (Architecture <behavioral>) compiled.

=========================================================================
*                     Design Hierarchy Analysis                         *
=========================================================================
Analyzing hierarchy for entity <ADDER> in library <work> (architecture <behavioral>).

Analyzing hierarchy for entity <FULL_ADDER> in library <work> (architecture <behavioral>).


=========================================================================
*                            HDL Analysis                               *
=========================================================================
Analyzing Entity <ADDER> in library <work> (Architecture <behavioral>).
Entity <ADDER> analyzed. Unit <ADDER> generated.

Analyzing Entity <FULL_ADDER> in library <work> (Architecture <behavioral>).
Entity <FULL_ADDER> analyzed. Unit <FULL_ADDER> generated.


=========================================================================
*                           HDL Synthesis                               *
=========================================================================

Performing bidirectional port resolution...

Synthesizing Unit <FULL_ADDER>.
    Related source file is "C:/Users/Robin Andersson/OneDrive/Skola/D0011E/Lab3b/ALU/FULL_ADDER.vhd".
    Found 1-bit xor2 for signal <R>.
    Found 1-bit xor2 for signal <xor_1>.
Unit <FULL_ADDER> synthesized.


Synthesizing Unit <ADDER>.
    Related source file is "C:/Users/Robin Andersson/OneDrive/Skola/D0011E/Lab3b/ALU/ADDER.vhd".
    Found 1-bit xor2 for signal <V>.
Unit <ADDER> synthesized.


=========================================================================
HDL Synthesis Report

Macro Statistics
# Xors                                                 : 65
 1-bit xor2                                            : 65

=========================================================================

=========================================================================
*                       Advanced HDL Synthesis                          *
=========================================================================


=========================================================================
Advanced HDL Synthesis Report

Macro Statistics
# Xors                                                 : 65
 1-bit xor2                                            : 65

=========================================================================

=========================================================================
*                         Low Level Synthesis                           *
=========================================================================

Optimizing unit <ADDER> ...

Mapping all equations...
Building and optimizing final netlist ...
Found area constraint ratio of 100 (+ 5) on block ADDER, actual ratio is 0.

Final Macro Processing ...

=========================================================================
Final Register Report

Found no macro
=========================================================================

=========================================================================
*                           Partition Report                            *
=========================================================================

Partition Implementation Status
-------------------------------

  No Partitions were found in this design.

-------------------------------

=========================================================================
*                            Final Report                               *
=========================================================================
Final Results
RTL Top Level Output File Name     : ADDER.ngr
Top Level Output File Name         : ADDER
Output Format                      : NGC
Optimization Goal                  : Speed
Keep Hierarchy                     : No

Design Statistics
# IOs                              : 99

Cell Usage :
# BELS                             : 65
#      LUT3                        : 65
# IO Buffers                       : 99
#      IBUF                        : 65
#      OBUF                        : 34
=========================================================================

Device utilization summary:
---------------------------

Selected Device : 4vlx15sf363-12 

 Number of Slices:                       37  out of   6144     0%  
 Number of 4 input LUTs:                 65  out of  12288     0%  
 Number of IOs:                          99
 Number of bonded IOBs:                  99  out of    240    41%  

---------------------------
Partition Resource Summary:
---------------------------

  No Partitions were found in this design.

---------------------------


=========================================================================
TIMING REPORT

NOTE: THESE TIMING NUMBERS ARE ONLY A SYNTHESIS ESTIMATE.
      FOR ACCURATE TIMING INFORMATION PLEASE REFER TO THE TRACE REPORT
      GENERATED AFTER PLACE-and-ROUTE.

Clock Information:
------------------
No clock signals found in this design

Asynchronous Control Signals Information:
----------------------------------------
No asynchronous control signals found in this design

Timing Summary:
---------------
Speed Grade: -12

   Minimum period: No path found
   Minimum input arrival time before clock: No path found
   Maximum output required time after clock: No path found
   Maximum combinational path delay: 23.417ns

Timing Detail:
--------------
All values displayed in nanoseconds (ns)

=========================================================================
Timing constraint: Default path analysis
  Total number of paths / destination ports: 1218 / 34
-------------------------------------------------------------------------
Delay:               23.417ns (Levels of Logic = 34)
  Source:            B<0> (PAD)
  Destination:       C (PAD)

  Data Path: B<0> to C
                                Gate     Net
    Cell:in->out      fanout   Delay   Delay  Logical Name (Net Name)
    ----------------------------------------  ------------
     IBUF:I->O             2   0.754   0.527  B_0_IBUF (B_0_IBUF)
     LUT3:I0->O            2   0.147   0.449  adders[0].adder_instance/Cout1 (carry<1>)
     LUT3:I1->O            2   0.147   0.449  adders[1].adder_instance/Cout1 (carry<2>)
     LUT3:I1->O            2   0.147   0.449  adders[2].adder_instance/Cout1 (carry<3>)
     LUT3:I1->O            2   0.147   0.449  adders[3].adder_instance/Cout1 (carry<4>)
     LUT3:I1->O            2   0.147   0.449  adders[4].adder_instance/Cout1 (carry<5>)
     LUT3:I1->O            2   0.147   0.449  adders[5].adder_instance/Cout1 (carry<6>)
     LUT3:I1->O            2   0.147   0.449  adders[6].adder_instance/Cout1 (carry<7>)
     LUT3:I1->O            2   0.147   0.449  adders[7].adder_instance/Cout1 (carry<8>)
     LUT3:I1->O            2   0.147   0.449  adders[8].adder_instance/Cout1 (carry<9>)
     LUT3:I1->O            2   0.147   0.449  adders[9].adder_instance/Cout1 (carry<10>)
     LUT3:I1->O            2   0.147   0.449  adders[10].adder_instance/Cout1 (carry<11>)
     LUT3:I1->O            2   0.147   0.449  adders[11].adder_instance/Cout1 (carry<12>)
     LUT3:I1->O            2   0.147   0.449  adders[12].adder_instance/Cout1 (carry<13>)
     LUT3:I1->O            2   0.147   0.449  adders[13].adder_instance/Cout1 (carry<14>)
     LUT3:I1->O            2   0.147   0.449  adders[14].adder_instance/Cout1 (carry<15>)
     LUT3:I1->O            2   0.147   0.449  adders[15].adder_instance/Cout1 (carry<16>)
     LUT3:I1->O            2   0.147   0.449  adders[16].adder_instance/Cout1 (carry<17>)
     LUT3:I1->O            2   0.147   0.449  adders[17].adder_instance/Cout1 (carry<18>)
     LUT3:I1->O            2   0.147   0.449  adders[18].adder_instance/Cout1 (carry<19>)
     LUT3:I1->O            2   0.147   0.449  adders[19].adder_instance/Cout1 (carry<20>)
     LUT3:I1->O            2   0.147   0.449  adders[20].adder_instance/Cout1 (carry<21>)
     LUT3:I1->O            2   0.147   0.449  adders[21].adder_instance/Cout1 (carry<22>)
     LUT3:I1->O            2   0.147   0.449  adders[22].adder_instance/Cout1 (carry<23>)
     LUT3:I1->O            2   0.147   0.449  adders[23].adder_instance/Cout1 (carry<24>)
     LUT3:I1->O            2   0.147   0.449  adders[24].adder_instance/Cout1 (carry<25>)
     LUT3:I1->O            2   0.147   0.449  adders[25].adder_instance/Cout1 (carry<26>)
     LUT3:I1->O            2   0.147   0.449  adders[26].adder_instance/Cout1 (carry<27>)
     LUT3:I1->O            2   0.147   0.449  adders[27].adder_instance/Cout1 (carry<28>)
     LUT3:I1->O            2   0.147   0.449  adders[28].adder_instance/Cout1 (carry<29>)
     LUT3:I1->O            2   0.147   0.449  adders[29].adder_instance/Cout1 (carry<30>)
     LUT3:I1->O            3   0.147   0.447  adders[30].adder_instance/Cout1 (carry<31>)
     LUT3:I1->O            1   0.147   0.266  adders[31].adder_instance/Cout1 (C_OBUF)
     OBUF:I->O                 3.255          C_OBUF (C)
    ----------------------------------------
    Total                     23.417ns (8.713ns logic, 14.704ns route)
                                       (37.2% logic, 62.8% route)

=========================================================================


Total REAL time to Xst completion: 35.00 secs
Total CPU time to Xst completion: 35.27 secs
 
--> 

Total memory usage is 350700 kilobytes

Number of errors   :    0 (   0 filtered)
Number of warnings :    0 (   0 filtered)
Number of infos    :    0 (   0 filtered)

