Release 14.4 - xst P.49d (nt64)
Copyright (c) 1995-2012 Xilinx, Inc.  All rights reserved.
--> Parameter TMPDIR set to xst/projnav.tmp


Total REAL time to Xst completion: 1.00 secs
Total CPU time to Xst completion: 0.30 secs
 
--> Parameter xsthdpdir set to xst


Total REAL time to Xst completion: 1.00 secs
Total CPU time to Xst completion: 0.30 secs
 
--> Reading design: LogicUnit.prj

TABLE OF CONTENTS
  1) Synthesis Options Summary
  2) HDL Compilation
  3) Design Hierarchy Analysis
  4) HDL Analysis
  5) HDL Synthesis
     5.1) HDL Synthesis Report
  6) Advanced HDL Synthesis
     6.1) Advanced HDL Synthesis Report
  7) Low Level Synthesis
  8) Partition Report
  9) Final Report
	9.1) Device utilization summary
	9.2) Partition Resource Summary
	9.3) TIMING REPORT


=========================================================================
*                      Synthesis Options Summary                        *
=========================================================================
---- Source Parameters
Input File Name                    : "LogicUnit.prj"
Input Format                       : mixed
Ignore Synthesis Constraint File   : NO

---- Target Parameters
Output File Name                   : "LogicUnit"
Output Format                      : NGC
Target Device                      : xc4vlx15-12-sf363

---- Source Options
Top Module Name                    : LogicUnit
Automatic FSM Extraction           : YES
FSM Encoding Algorithm             : Auto
Safe Implementation                : No
FSM Style                          : LUT
RAM Extraction                     : Yes
RAM Style                          : Auto
ROM Extraction                     : Yes
Mux Style                          : Auto
Decoder Extraction                 : YES
Priority Encoder Extraction        : Yes
Shift Register Extraction          : YES
Logical Shifter Extraction         : YES
XOR Collapsing                     : YES
ROM Style                          : Auto
Mux Extraction                     : Yes
Resource Sharing                   : YES
Asynchronous To Synchronous        : NO
Use DSP Block                      : Auto
Automatic Register Balancing       : No

---- Target Options
Add IO Buffers                     : YES
Global Maximum Fanout              : 500
Add Generic Clock Buffer(BUFG)     : 32
Number of Regional Clock Buffers   : 16
Register Duplication               : YES
Slice Packing                      : YES
Optimize Instantiated Primitives   : NO
Use Clock Enable                   : Auto
Use Synchronous Set                : Auto
Use Synchronous Reset              : Auto
Pack IO Registers into IOBs        : Auto
Equivalent register Removal        : YES

---- General Options
Optimization Goal                  : Speed
Optimization Effort                : 1
Power Reduction                    : NO
Keep Hierarchy                     : No
Netlist Hierarchy                  : As_Optimized
RTL Output                         : Yes
Global Optimization                : AllClockNets
Read Cores                         : YES
Write Timing Constraints           : NO
Cross Clock Analysis               : NO
Hierarchy Separator                : /
Bus Delimiter                      : <>
Case Specifier                     : Maintain
Slice Utilization Ratio            : 100
BRAM Utilization Ratio             : 100
DSP48 Utilization Ratio            : 100
Verilog 2001                       : YES
Auto BRAM Packing                  : NO
Slice Utilization Ratio Delta      : 5

=========================================================================


=========================================================================
*                          HDL Compilation                              *
=========================================================================
Compiling vhdl file "C:/Users/Robin Andersson/OneDrive/Skola/D0011E/Lab3b/ALU/FULL_ADDER.vhd" in Library work.
Architecture behavioral of Entity full_adder is up to date.
Compiling vhdl file "C:/Users/Robin Andersson/OneDrive/Skola/D0011E/Lab3b/ALU/ADDER.vhd" in Library work.
Architecture behavioral of Entity adder is up to date.
Compiling vhdl file "C:/Users/Robin Andersson/OneDrive/Skola/D0011E/Lab3b/ALU/AndUnit.vhd" in Library work.
Architecture behavioral of Entity andunit is up to date.
Compiling vhdl file "C:/Users/Robin Andersson/OneDrive/Skola/D0011E/Lab3b/ALU/OrUnit.vhd" in Library work.
Architecture behavioral of Entity orunit is up to date.
Compiling vhdl file "C:/Users/Robin Andersson/OneDrive/Skola/D0011E/Lab3b/ALU/ArithmeticUnit.vhd" in Library work.
Architecture behavioral of Entity arithmeticunit is up to date.
Compiling vhdl file "C:/Users/Robin Andersson/OneDrive/Skola/D0011E/Lab3b/ALU/ZeroExtend.vhd" in Library work.
Architecture behavioral of Entity zeroextend is up to date.
Compiling vhdl file "C:/Users/Robin Andersson/OneDrive/Skola/D0011E/Lab3b/ALU/Multiplexer.vhd" in Library work.
Architecture behavioral of Entity multiplexer is up to date.
Compiling vhdl file "C:/Users/Robin Andersson/OneDrive/Skola/D0011E/Lab3b/ALU/LogicUnit.vhd" in Library work.
Entity <logicunit> compiled.
Entity <LogicUnit> (Architecture <Behavioral>) compiled.

=========================================================================
*                     Design Hierarchy Analysis                         *
=========================================================================
Analyzing hierarchy for entity <LogicUnit> in library <work> (architecture <Behavioral>).

Analyzing hierarchy for entity <AndUnit> in library <work> (architecture <behavioral>).

Analyzing hierarchy for entity <OrUnit> in library <work> (architecture <behavioral>).

Analyzing hierarchy for entity <ArithmeticUnit> in library <work> (architecture <behavioral>).

Analyzing hierarchy for entity <ZeroExtend> in library <work> (architecture <behavioral>).

Analyzing hierarchy for entity <Multiplexer> in library <work> (architecture <behavioral>).

Analyzing hierarchy for entity <ADDER> in library <work> (architecture <behavioral>).

Analyzing hierarchy for entity <FULL_ADDER> in library <work> (architecture <behavioral>).


=========================================================================
*                            HDL Analysis                               *
=========================================================================
Analyzing Entity <LogicUnit> in library <work> (Architecture <Behavioral>).
WARNING:Xst:753 - "C:/Users/Robin Andersson/OneDrive/Skola/D0011E/Lab3b/ALU/LogicUnit.vhd" line 48: Unconnected output port 'V' of component 'ArithmeticUnit'.
WARNING:Xst:753 - "C:/Users/Robin Andersson/OneDrive/Skola/D0011E/Lab3b/ALU/LogicUnit.vhd" line 48: Unconnected output port 'C' of component 'ArithmeticUnit'.
WARNING:Xst:1639 - "C:/Users/Robin Andersson/OneDrive/Skola/D0011E/Lab3b/ALU/LogicUnit.vhd" line 51: Size of operands are different, smallest operand is adjusted.
Entity <LogicUnit> analyzed. Unit <LogicUnit> generated.

Analyzing Entity <AndUnit> in library <work> (Architecture <behavioral>).
Entity <AndUnit> analyzed. Unit <AndUnit> generated.

Analyzing Entity <OrUnit> in library <work> (Architecture <behavioral>).
Entity <OrUnit> analyzed. Unit <OrUnit> generated.

Analyzing Entity <ArithmeticUnit> in library <work> (Architecture <behavioral>).
Entity <ArithmeticUnit> analyzed. Unit <ArithmeticUnit> generated.

Analyzing Entity <ADDER> in library <work> (Architecture <behavioral>).
Entity <ADDER> analyzed. Unit <ADDER> generated.

Analyzing Entity <FULL_ADDER> in library <work> (Architecture <behavioral>).
Entity <FULL_ADDER> analyzed. Unit <FULL_ADDER> generated.

Analyzing Entity <ZeroExtend> in library <work> (Architecture <behavioral>).
Entity <ZeroExtend> analyzed. Unit <ZeroExtend> generated.

Analyzing Entity <Multiplexer> in library <work> (Architecture <behavioral>).
Entity <Multiplexer> analyzed. Unit <Multiplexer> generated.


=========================================================================
*                           HDL Synthesis                               *
=========================================================================

Performing bidirectional port resolution...

Synthesizing Unit <AndUnit>.
    Related source file is "C:/Users/Robin Andersson/OneDrive/Skola/D0011E/Lab3b/ALU/AndUnit.vhd".
Unit <AndUnit> synthesized.


Synthesizing Unit <OrUnit>.
    Related source file is "C:/Users/Robin Andersson/OneDrive/Skola/D0011E/Lab3b/ALU/OrUnit.vhd".
Unit <OrUnit> synthesized.


Synthesizing Unit <ZeroExtend>.
    Related source file is "C:/Users/Robin Andersson/OneDrive/Skola/D0011E/Lab3b/ALU/ZeroExtend.vhd".
Unit <ZeroExtend> synthesized.


Synthesizing Unit <Multiplexer>.
    Related source file is "C:/Users/Robin Andersson/OneDrive/Skola/D0011E/Lab3b/ALU/Multiplexer.vhd".
    Found 32-bit 4-to-1 multiplexer for signal <R>.
    Summary:
	inferred  32 Multiplexer(s).
Unit <Multiplexer> synthesized.


Synthesizing Unit <FULL_ADDER>.
    Related source file is "C:/Users/Robin Andersson/OneDrive/Skola/D0011E/Lab3b/ALU/FULL_ADDER.vhd".
    Found 1-bit xor2 for signal <R>.
    Found 1-bit xor2 for signal <xor_1>.
Unit <FULL_ADDER> synthesized.


Synthesizing Unit <ADDER>.
    Related source file is "C:/Users/Robin Andersson/OneDrive/Skola/D0011E/Lab3b/ALU/ADDER.vhd".
    Found 1-bit xor2 for signal <V>.
Unit <ADDER> synthesized.


Synthesizing Unit <ArithmeticUnit>.
    Related source file is "C:/Users/Robin Andersson/OneDrive/Skola/D0011E/Lab3b/ALU/ArithmeticUnit.vhd".
    Found 32-bit xor2 for signal <xor_1>.
Unit <ArithmeticUnit> synthesized.


Synthesizing Unit <LogicUnit>.
    Related source file is "C:/Users/Robin Andersson/OneDrive/Skola/D0011E/Lab3b/ALU/LogicUnit.vhd".
    Found 32-bit comparator greater for signal <Z$cmp_gt0000> created at line 51.
    Summary:
	inferred   1 Comparator(s).
Unit <LogicUnit> synthesized.


=========================================================================
HDL Synthesis Report

Macro Statistics
# Comparators                                          : 1
 32-bit comparator greater                             : 1
# Multiplexers                                         : 1
 32-bit 4-to-1 multiplexer                             : 1
# Xors                                                 : 97
 1-bit xor2                                            : 97

=========================================================================

=========================================================================
*                       Advanced HDL Synthesis                          *
=========================================================================


=========================================================================
Advanced HDL Synthesis Report

Macro Statistics
# Comparators                                          : 1
 32-bit comparator greater                             : 1
# Multiplexers                                         : 1
 32-bit 4-to-1 multiplexer                             : 1
# Xors                                                 : 97
 1-bit xor2                                            : 97

=========================================================================

=========================================================================
*                         Low Level Synthesis                           *
=========================================================================

Optimizing unit <LogicUnit> ...

Optimizing unit <ADDER> ...

Optimizing unit <ArithmeticUnit> ...

Mapping all equations...
Building and optimizing final netlist ...
Found area constraint ratio of 100 (+ 5) on block LogicUnit, actual ratio is 1.

Final Macro Processing ...

=========================================================================
Final Register Report

Found no macro
=========================================================================

=========================================================================
*                           Partition Report                            *
=========================================================================

Partition Implementation Status
-------------------------------

  No Partitions were found in this design.

-------------------------------

=========================================================================
*                            Final Report                               *
=========================================================================
Final Results
RTL Top Level Output File Name     : LogicUnit.ngr
Top Level Output File Name         : LogicUnit
Output Format                      : NGC
Optimization Goal                  : Speed
Keep Hierarchy                     : No

Design Statistics
# IOs                              : 100

Cell Usage :
# BELS                             : 177
#      GND                         : 1
#      INV                         : 1
#      LUT2                        : 31
#      LUT3                        : 33
#      LUT4                        : 70
#      MUXCY                       : 8
#      MUXF5                       : 32
#      VCC                         : 1
# IO Buffers                       : 100
#      IBUF                        : 67
#      OBUF                        : 33
=========================================================================

Device utilization summary:
---------------------------

Selected Device : 4vlx15sf363-12 

 Number of Slices:                       72  out of   6144     1%  
 Number of 4 input LUTs:                135  out of  12288     1%  
 Number of IOs:                         100
 Number of bonded IOBs:                 100  out of    240    41%  

---------------------------
Partition Resource Summary:
---------------------------

  No Partitions were found in this design.

---------------------------


=========================================================================
TIMING REPORT

NOTE: THESE TIMING NUMBERS ARE ONLY A SYNTHESIS ESTIMATE.
      FOR ACCURATE TIMING INFORMATION PLEASE REFER TO THE TRACE REPORT
      GENERATED AFTER PLACE-and-ROUTE.

Clock Information:
------------------
No clock signals found in this design

Asynchronous Control Signals Information:
----------------------------------------
No asynchronous control signals found in this design

Timing Summary:
---------------
Speed Grade: -12

   Minimum period: No path found
   Minimum input arrival time before clock: No path found
   Maximum output required time after clock: No path found
   Maximum combinational path delay: 25.790ns

Timing Detail:
--------------
All values displayed in nanoseconds (ns)

=========================================================================
Timing constraint: Default path analysis
  Total number of paths / destination ports: 3488 / 33
-------------------------------------------------------------------------
Delay:               25.790ns (Levels of Logic = 38)
  Source:            Sub (PAD)
  Destination:       Z (PAD)

  Data Path: Sub to Z
                                Gate     Net
    Cell:in->out      fanout   Delay   Delay  Logical Name (Net Name)
    ----------------------------------------  ------------
     IBUF:I->O            62   0.754   0.942  Sub_IBUF (Sub_IBUF)
     LUT3:I1->O            2   0.147   0.449  AritUnit_1/ADDER_1/adders[0].adder_instance/Cout1 (AritUnit_1/ADDER_1/carry<1>)
     LUT4:I2->O            2   0.147   0.449  AritUnit_1/ADDER_1/adders[1].adder_instance/Cout1 (AritUnit_1/ADDER_1/carry<2>)
     LUT4:I2->O            2   0.147   0.449  AritUnit_1/ADDER_1/adders[2].adder_instance/Cout1 (AritUnit_1/ADDER_1/carry<3>)
     LUT4:I2->O            2   0.147   0.449  AritUnit_1/ADDER_1/adders[3].adder_instance/Cout1 (AritUnit_1/ADDER_1/carry<4>)
     LUT4:I2->O            2   0.147   0.449  AritUnit_1/ADDER_1/adders[4].adder_instance/Cout1 (AritUnit_1/ADDER_1/carry<5>)
     LUT4:I2->O            2   0.147   0.449  AritUnit_1/ADDER_1/adders[5].adder_instance/Cout1 (AritUnit_1/ADDER_1/carry<6>)
     LUT4:I2->O            2   0.147   0.449  AritUnit_1/ADDER_1/adders[6].adder_instance/Cout1 (AritUnit_1/ADDER_1/carry<7>)
     LUT4:I2->O            2   0.147   0.449  AritUnit_1/ADDER_1/adders[7].adder_instance/Cout1 (AritUnit_1/ADDER_1/carry<8>)
     LUT4:I2->O            2   0.147   0.449  AritUnit_1/ADDER_1/adders[8].adder_instance/Cout1 (AritUnit_1/ADDER_1/carry<9>)
     LUT4:I2->O            2   0.147   0.449  AritUnit_1/ADDER_1/adders[9].adder_instance/Cout1 (AritUnit_1/ADDER_1/carry<10>)
     LUT4:I2->O            2   0.147   0.449  AritUnit_1/ADDER_1/adders[10].adder_instance/Cout1 (AritUnit_1/ADDER_1/carry<11>)
     LUT4:I2->O            2   0.147   0.449  AritUnit_1/ADDER_1/adders[11].adder_instance/Cout1 (AritUnit_1/ADDER_1/carry<12>)
     LUT4:I2->O            2   0.147   0.449  AritUnit_1/ADDER_1/adders[12].adder_instance/Cout1 (AritUnit_1/ADDER_1/carry<13>)
     LUT4:I2->O            2   0.147   0.449  AritUnit_1/ADDER_1/adders[13].adder_instance/Cout1 (AritUnit_1/ADDER_1/carry<14>)
     LUT4:I2->O            2   0.147   0.449  AritUnit_1/ADDER_1/adders[14].adder_instance/Cout1 (AritUnit_1/ADDER_1/carry<15>)
     LUT4:I2->O            2   0.147   0.449  AritUnit_1/ADDER_1/adders[15].adder_instance/Cout1 (AritUnit_1/ADDER_1/carry<16>)
     LUT4:I2->O            2   0.147   0.449  AritUnit_1/ADDER_1/adders[16].adder_instance/Cout1 (AritUnit_1/ADDER_1/carry<17>)
     LUT4:I2->O            2   0.147   0.449  AritUnit_1/ADDER_1/adders[17].adder_instance/Cout1 (AritUnit_1/ADDER_1/carry<18>)
     LUT4:I2->O            2   0.147   0.449  AritUnit_1/ADDER_1/adders[18].adder_instance/Cout1 (AritUnit_1/ADDER_1/carry<19>)
     LUT4:I2->O            2   0.147   0.449  AritUnit_1/ADDER_1/adders[19].adder_instance/Cout1 (AritUnit_1/ADDER_1/carry<20>)
     LUT4:I2->O            2   0.147   0.449  AritUnit_1/ADDER_1/adders[20].adder_instance/Cout1 (AritUnit_1/ADDER_1/carry<21>)
     LUT4:I2->O            2   0.147   0.449  AritUnit_1/ADDER_1/adders[21].adder_instance/Cout1 (AritUnit_1/ADDER_1/carry<22>)
     LUT4:I2->O            2   0.147   0.449  AritUnit_1/ADDER_1/adders[22].adder_instance/Cout1 (AritUnit_1/ADDER_1/carry<23>)
     LUT4:I2->O            2   0.147   0.449  AritUnit_1/ADDER_1/adders[23].adder_instance/Cout1 (AritUnit_1/ADDER_1/carry<24>)
     LUT4:I2->O            2   0.147   0.449  AritUnit_1/ADDER_1/adders[24].adder_instance/Cout1 (AritUnit_1/ADDER_1/carry<25>)
     LUT4:I2->O            2   0.147   0.449  AritUnit_1/ADDER_1/adders[25].adder_instance/Cout1 (AritUnit_1/ADDER_1/carry<26>)
     LUT4:I2->O            2   0.147   0.449  AritUnit_1/ADDER_1/adders[26].adder_instance/Cout1 (AritUnit_1/ADDER_1/carry<27>)
     LUT4:I2->O            2   0.147   0.449  AritUnit_1/ADDER_1/adders[27].adder_instance/Cout1 (AritUnit_1/ADDER_1/carry<28>)
     LUT4:I2->O            2   0.147   0.449  AritUnit_1/ADDER_1/adders[28].adder_instance/Cout1 (AritUnit_1/ADDER_1/carry<29>)
     LUT4:I2->O            2   0.147   0.449  AritUnit_1/ADDER_1/adders[29].adder_instance/Cout1 (AritUnit_1/ADDER_1/carry<30>)
     LUT4:I2->O            1   0.147   0.514  AritUnit_1/ADDER_1/adders[30].adder_instance/Cout1 (AritUnit_1/ADDER_1/carry<31>)
     LUT4:I1->O            1   0.147   0.000  Multiplexer_1/Mmux_R48_G (N217)
     MUXF5:I1->O           2   0.284   0.401  Multiplexer_1/Mmux_R48 (R_31_OBUF)
     LUT4:I3->O            1   0.147   0.000  Mcompar_Z_cmp_gt0000_lut<7> (Mcompar_Z_cmp_gt0000_lut<7>)
     MUXCY:S->O            1   0.524   0.266  Mcompar_Z_cmp_gt0000_cy<7> (Mcompar_Z_cmp_gt0000_cy<7>)
     INV:I->O              1   0.269   0.266  Mcompar_Z_cmp_gt0000_cy<7>_inv_INV_0 (Z_OBUF)
     OBUF:I->O                 3.255          Z_OBUF (Z)
    ----------------------------------------
    Total                     25.790ns (9.937ns logic, 15.853ns route)
                                       (38.5% logic, 61.5% route)

=========================================================================


Total REAL time to Xst completion: 32.00 secs
Total CPU time to Xst completion: 32.01 secs
 
--> 

Total memory usage is 350740 kilobytes

Number of errors   :    0 (   0 filtered)
Number of warnings :    3 (   0 filtered)
Number of infos    :    0 (   0 filtered)

